234
[[1, 2, 3], [4, 5, 6], [7, 8, 0]]
right
left
right
down
down
up
up
left
down
right
up
left
right
down
left
left
down
right
up
down
up
left
left
left
left
down
up
right
up
right
down
right
up
right
left
right
left
down
down
up
right
right
up
left
right
right
right
left
down
up
up
right
left
left
right
right
down
right
right
right
up
up
up
right
down
right
right
down
right
up
right
right
down
right
up
up
down
up
left
right
up
left
left
left
left
up
down
left
down
up
left
right
left
down
down
down
down
up
right
right
up
left
down
right
up
left
right
up
down
down
left
down
down
left
right
left
left
up
down
down
right
down
down
up
down
right
down
up
up
down
up
right
down
up
left
right
left
left
right
up
down
right
down
up
up
right
left
up
left
down
down
up
down
down
down
down
left
down
down
down
up
left
down
right
down
left
right
down
down
down
right
left
down
up
up
right
right
left
right
left
down
left
up
down
right
down
down
up
left
left
down
right
down
right
right
down
left
down
left
up
right
down
left
right
right
right
right
right
down
down
right
right
left
up
up
left
down
up
left
right
up
up
left
up
up
up
up
up
down
up
right
right
left
